<?xml version="1.0" encoding="UTF-8"?>
<testng-results skipped="0" failed="1" ignored="0" total="1" passed="0">
  <reporter-output>
  </reporter-output>
  <suite name="Suite" duration-ms="84872" started-at="2018-03-25T19:17:20Z" finished-at="2018-03-25T19:18:45Z">
    <groups>
    </groups>
    <test name="Test" duration-ms="84872" started-at="2018-03-25T19:17:20Z" finished-at="2018-03-25T19:18:45Z">
      <class name="userTest.CategoryModuleTest">
        <test-method status="PASS" signature="setUp()[pri:0, instance:userTest.CategoryModuleTest@2f54a33d]" name="setUp" is-config="true" duration-ms="187" started-at="2018-03-26T00:47:20Z" finished-at="2018-03-26T00:47:20Z">
          <reporter-output>
          </reporter-output>
        </test-method> <!-- setUp -->
        <test-method status="PASS" signature="primarySetup()[pri:0, instance:userTest.CategoryModuleTest@2f54a33d]" name="primarySetup" is-config="true" duration-ms="13922" started-at="2018-03-26T00:47:20Z" finished-at="2018-03-26T00:47:34Z">
          <reporter-output>
          </reporter-output>
        </test-method> <!-- primarySetup -->
        <test-method status="PASS" signature="register(java.lang.reflect.Method)[pri:0, instance:userTest.CategoryModuleTest@2f54a33d]" name="register" is-config="true" duration-ms="4" started-at="2018-03-26T00:47:34Z" finished-at="2018-03-26T00:47:34Z">
          <params>
            <param index="0">
              <value>
                <![CDATA[public void userTest.CategoryModuleTest.A_Categogry_6(java.util.Hashtable) throws java.lang.Exception]]>
              </value>
            </param>
          </params>
          <reporter-output>
          </reporter-output>
        </test-method> <!-- register -->
        <test-method status="FAIL" signature="A_Categogry_6(java.util.Hashtable)[pri:0, instance:userTest.CategoryModuleTest@2f54a33d]" name="A_Categogry_6" duration-ms="57405" started-at="2018-03-26T00:47:34Z" data-provider="A_Category_6Testdata" finished-at="2018-03-26T00:48:32Z">
          <params>
            <param index="0">
              <value>
                <![CDATA[{RunMode=Y, RowNum=21, Categoryname=Search_Category}]]>
              </value>
            </param>
          </params>
          <exception class="org.openqa.selenium.NoSuchElementException">
            <message>
              <![CDATA[Unable to locate element: {"method":"xpath","selector":"//td[text()='Search_Category']"}Command duration or timeout: 50.05 secondsFor documentation on this error, please visit: http://seleniumhq.org/exceptions/no_such_element.htmlBuild info: version: '2.53.1', revision: 'a36b8b1cd5757287168e54b817830adce9b0158d', time: '2016-06-30 19:26:09'System info: host: 'DESKTOP-KSR106D', ip: '192.168.43.238', os.name: 'Windows 10', os.arch: 'amd64', os.version: '10.0', java.version: '1.8.0_151'Driver info: org.openqa.selenium.firefox.FirefoxDriverCapabilities [{applicationCacheEnabled=true, rotatable=false, handlesAlerts=true, databaseEnabled=true, version=47.0.2, platform=WINDOWS, nativeEvents=false, acceptSslCerts=true, webStorageEnabled=true, locationContextEnabled=true, browserName=firefox, takesScreenshot=true, javascriptEnabled=true, cssSelectorsEnabled=true}]Session ID: ad1474f5-77de-45bf-93b1-1e7c1d7ea29c*** Element info: {Using=xpath, value=//td[text()='Search_Category']}]]>
            </message>
            <full-stacktrace>
              <![CDATA[org.openqa.selenium.NoSuchElementException: Unable to locate element: {"method":"xpath","selector":"//td[text()='Search_Category']"}Command duration or timeout: 50.05 secondsFor documentation on this error, please visit: http://seleniumhq.org/exceptions/no_such_element.htmlBuild info: version: '2.53.1', revision: 'a36b8b1cd5757287168e54b817830adce9b0158d', time: '2016-06-30 19:26:09'System info: host: 'DESKTOP-KSR106D', ip: '192.168.43.238', os.name: 'Windows 10', os.arch: 'amd64', os.version: '10.0', java.version: '1.8.0_151'Driver info: org.openqa.selenium.firefox.FirefoxDriverCapabilities [{applicationCacheEnabled=true, rotatable=false, handlesAlerts=true, databaseEnabled=true, version=47.0.2, platform=WINDOWS, nativeEvents=false, acceptSslCerts=true, webStorageEnabled=true, locationContextEnabled=true, browserName=firefox, takesScreenshot=true, javascriptEnabled=true, cssSelectorsEnabled=true}]Session ID: ad1474f5-77de-45bf-93b1-1e7c1d7ea29c*** Element info: {Using=xpath, value=//td[text()='Search_Category']}at sun.reflect.NativeConstructorAccessorImpl.newInstance0(Native Method)at sun.reflect.NativeConstructorAccessorImpl.newInstance(Unknown Source)at sun.reflect.DelegatingConstructorAccessorImpl.newInstance(Unknown Source)at java.lang.reflect.Constructor.newInstance(Unknown Source)at org.openqa.selenium.remote.ErrorHandler.createThrowable(ErrorHandler.java:206)at org.openqa.selenium.remote.ErrorHandler.throwIfResponseFailed(ErrorHandler.java:158)at org.openqa.selenium.remote.RemoteWebDriver.execute(RemoteWebDriver.java:678)at org.openqa.selenium.remote.RemoteWebDriver.findElement(RemoteWebDriver.java:363)at org.openqa.selenium.remote.RemoteWebDriver.findElementByXPath(RemoteWebDriver.java:500)at org.openqa.selenium.By$ByXPath.findElement(By.java:361)at org.openqa.selenium.remote.RemoteWebDriver.findElement(RemoteWebDriver.java:355)at pageObjectRepository.CategoryPage.SearchCategory(CategoryPage.java:258)at userTest.CategoryModuleTest.A_Categogry_6(CategoryModuleTest.java:112)at sun.reflect.NativeMethodAccessorImpl.invoke0(Native Method)at sun.reflect.NativeMethodAccessorImpl.invoke(Unknown Source)at sun.reflect.DelegatingMethodAccessorImpl.invoke(Unknown Source)at java.lang.reflect.Method.invoke(Unknown Source)at org.testng.internal.MethodInvocationHelper.invokeMethod(MethodInvocationHelper.java:124)at org.testng.internal.Invoker.invokeMethod(Invoker.java:571)at org.testng.internal.Invoker.invokeTestMethod(Invoker.java:707)at org.testng.internal.Invoker.invokeTestMethods(Invoker.java:979)at org.testng.internal.TestMethodWorker.invokeTestMethods(TestMethodWorker.java:125)at org.testng.internal.TestMethodWorker.run(TestMethodWorker.java:109)at org.testng.TestRunner.privateRun(TestRunner.java:648)at org.testng.TestRunner.run(TestRunner.java:505)at org.testng.SuiteRunner.runTest(SuiteRunner.java:455)at org.testng.SuiteRunner.runSequentially(SuiteRunner.java:450)at org.testng.SuiteRunner.privateRun(SuiteRunner.java:415)at org.testng.SuiteRunner.run(SuiteRunner.java:364)at org.testng.SuiteRunnerWorker.runSuite(SuiteRunnerWorker.java:52)at org.testng.SuiteRunnerWorker.run(SuiteRunnerWorker.java:84)at org.testng.TestNG.runSuitesSequentially(TestNG.java:1187)at org.testng.TestNG.runSuitesLocally(TestNG.java:1116)at org.testng.TestNG.runSuites(TestNG.java:1028)at org.testng.TestNG.run(TestNG.java:996)at org.testng.remote.AbstractRemoteTestNG.run(AbstractRemoteTestNG.java:114)at org.testng.remote.RemoteTestNG.initAndRun(RemoteTestNG.java:251)at org.testng.remote.RemoteTestNG.main(RemoteTestNG.java:77)Caused by: org.openqa.selenium.NoSuchElementException: Unable to locate element: {"method":"xpath","selector":"//td[text()='Search_Category']"}For documentation on this error, please visit: http://seleniumhq.org/exceptions/no_such_element.htmlBuild info: version: '2.53.1', revision: 'a36b8b1cd5757287168e54b817830adce9b0158d', time: '2016-06-30 19:26:09'System info: host: 'DESKTOP-KSR106D', ip: '192.168.43.238', os.name: 'Windows 10', os.arch: 'amd64', os.version: '10.0', java.version: '1.8.0_151'Driver info: driver.version: unknownat <anonymous class>.FirefoxDriver.prototype.findElementInternal_(file:///C:/Users/SIBA/AppData/Local/Temp/anonymous6096292833402909700webdriver-profile/extensions/fxdriver@googlecode.com/components/driver-component.js:10770)at <anonymous class>.fxdriver.Timer.prototype.setTimeout/<.notify(file:///C:/Users/SIBA/AppData/Local/Temp/anonymous6096292833402909700webdriver-profile/extensions/fxdriver@googlecode.com/components/driver-component.js:625)]]>
            </full-stacktrace>
          </exception> <!-- org.openqa.selenium.NoSuchElementException -->
          <reporter-output>
          </reporter-output>
        </test-method> <!-- A_Categogry_6 -->
        <test-method status="PASS" signature="captureStatus(org.testng.ITestResult)[pri:0, instance:userTest.CategoryModuleTest@2f54a33d]" name="captureStatus" is-config="true" duration-ms="136" started-at="2018-03-26T00:48:32Z" finished-at="2018-03-26T00:48:32Z">
          <params>
            <param index="0">
              <value>
                <![CDATA[[TestResult name=A_Categogry_6 status=FAILURE method=CategoryModuleTest.A_Categogry_6(java.util.Hashtable)[pri:0, instance:userTest.CategoryModuleTest@2f54a33d] output={null}]]]>
              </value>
            </param>
          </params>
          <reporter-output>
          </reporter-output>
        </test-method> <!-- captureStatus -->
        <test-method status="PASS" signature="closeBrowser()[pri:0, instance:userTest.CategoryModuleTest@2f54a33d]" name="closeBrowser" is-config="true" duration-ms="10786" started-at="2018-03-26T00:48:32Z" finished-at="2018-03-26T00:48:43Z">
          <reporter-output>
          </reporter-output>
        </test-method> <!-- closeBrowser -->
        <test-method status="PASS" signature="generateReport()[pri:0, instance:userTest.CategoryModuleTest@2f54a33d]" name="generateReport" is-config="true" duration-ms="2379" started-at="2018-03-26T00:48:43Z" finished-at="2018-03-26T00:48:45Z">
          <reporter-output>
          </reporter-output>
        </test-method> <!-- generateReport -->
        <test-method status="PASS" signature="afterSuit()[pri:0, instance:userTest.CategoryModuleTest@2f54a33d]" name="afterSuit" is-config="true" duration-ms="1" started-at="2018-03-26T00:48:45Z" finished-at="2018-03-26T00:48:45Z">
          <reporter-output>
          </reporter-output>
        </test-method> <!-- afterSuit -->
      </class> <!-- userTest.CategoryModuleTest -->
    </test> <!-- Test -->
  </suite> <!-- Suite -->
</testng-results>
